2018-06-03 12:01:45 - Get Sample product feed
2018-06-03 12:01:45 - Complete - Get Sample product feed
2018-06-03 12:02:50 - Updating FAE settings - facebook_catalog_id
2018-06-03 12:02:50 - Complete - Updating FAE settings
2018-06-03 12:02:50 - Updating FAE settings - facebook_pixel_id,facebook_pixel_use_pii
2018-06-03 12:02:50 - Complete - Updating FAE settings
2018-06-03 12:02:50 - Updating FAE settings - facebook_dia_setting_id
2018-06-03 12:02:50 - Complete - Updating FAE settings
2018-06-03 12:02:50 - Clear all Facebook products
2018-06-03 12:02:50 - Complete - Clear all Facebook products
2018-06-03 12:02:51 - Updating FAE settings - facebook_page_id,facebook_page_token
2018-06-03 12:02:51 - Complete - Updating FAE settings
2018-06-03 12:02:51 - Sync all products using feed
2018-06-03 12:02:51 - Generating product feed file
2018-06-03 12:02:51 - Sync all products using feed, feed file generated
2018-06-03 12:02:51 - Sync all products using feed, facebook feed created
2018-06-03 12:02:52 - Sync all products using feed, facebook upload created
2018-06-03 12:02:53 - Complete - Sync all products using feed
2018-06-03 12:04:24 - Get Sample product feed
2018-06-03 12:04:24 - Complete - Get Sample product feed
2018-06-03 12:04:35 - Get Sample product feed
2018-06-03 12:04:35 - Complete - Get Sample product feed
2018-06-03 12:10:51 - Get Sample product feed
2018-06-03 12:10:51 - Complete - Get Sample product feed
2018-06-03 12:11:16 - Get Sample product feed
2018-06-03 12:11:16 - Complete - Get Sample product feed
2018-06-03 12:36:37 - Get Sample product feed
2018-06-03 12:36:37 - Complete - Get Sample product feed
2018-06-03 12:46:09 - Get Sample product feed
2018-06-03 12:46:09 - Complete - Get Sample product feed
2018-06-03 12:46:21 - Get Sample product feed
2018-06-03 12:46:21 - Complete - Get Sample product feed
2018-06-03 12:48:32 - Get Sample product feed
2018-06-03 12:48:32 - Complete - Get Sample product feed
2018-06-03 12:50:09 - Get Sample product feed
2018-06-03 12:50:09 - Complete - Get Sample product feed
2018-06-03 12:51:51 - Get Sample product feed
2018-06-03 12:51:51 - Complete - Get Sample product feed
2018-06-03 12:53:31 - Get Sample product feed
2018-06-03 12:53:31 - Complete - Get Sample product feed
2018-06-04 10:04:08 - Sync for product 1
2018-06-04 10:04:25 - Sync for product 2
2018-06-04 10:04:33 - Sync for product 4
2018-06-04 10:04:42 - Sync for product 3
2018-06-06 3:00:30 - Sync for product 1
2018-06-06 3:00:36 - Sync for product 2
2018-06-06 3:00:41 - Sync for product 4
2018-06-06 3:00:46 - Sync for product 3
2018-06-07 5:39:23 - Sync for product 1
2018-06-07 5:39:42 - Sync for product 2
2018-06-07 5:39:54 - Sync for product 4
2018-06-07 5:40:05 - Sync for product 3
2018-06-07 5:40:16 - Sync for product 4
2018-06-07 7:35:44 - Sync for product 1
2018-06-07 7:38:16 - Sync for product 2
2018-06-07 7:38:21 - Sync for product 4
2018-06-07 7:38:26 - Sync for product 3
2018-06-07 7:38:43 - Sync for product 1
2018-06-07 7:50:02 - Sync for product 1
2018-06-07 11:36:29 - Get Sample product feed
2018-06-07 11:36:29 - Complete - Get Sample product feed
2018-06-07 11:36:47 - Get Sample product feed
2018-06-07 11:36:47 - Complete - Get Sample product feed
2018-06-08 8:05:27 - Get Sample product feed
2018-06-08 8:05:27 - Complete - Get Sample product feed
2018-06-08 8:28:58 - Get Sample product feed
2018-06-08 8:28:58 - Complete - Get Sample product feed
2018-06-09 7:44:47 - Sync for product 1
2018-06-09 7:44:57 - Sync for product 1
2018-06-09 7:45:27 - Sync for product 1
2018-06-09 7:45:33 - Sync for product 1
2018-06-09 7:47:45 - Update products for availability change - 1
2018-06-09 9:00:21 - Update products for availability change - 1
2018-06-11 3:13:34 - Update products for availability change - 1
2018-06-11 8:59:55 - Update products for availability change - 1
2018-06-11 9:12:30 - Update products for availability change - 1
2018-06-11 9:14:10 - Update products for availability change - 1
2018-06-11 9:14:43 - Update products for availability change - 1
2018-06-11 9:15:19 - Update products for availability change - 1
2018-06-11 10:30:40 - Update products for availability change - 1
2018-06-11 10:34:36 - Update products for availability change - 1
2018-06-11 10:49:40 - Get Sample product feed
2018-06-11 10:49:40 - Complete - Get Sample product feed
2018-06-16 8:51:18 - Sync for product 1
2018-07-03 8:48:06 - Sync for product 1
2018-07-03 8:48:17 - Sync for product 2
2018-07-04 5:49:27 - Sync for product 1
2018-07-04 11:50:36 - Update products for availability change - 1
2018-07-04 11:52:41 - Update products for availability change - 1
2018-07-04 11:59:36 - Update products for availability change - 1
2018-07-04 12:24:54 - Update products for availability change - 1
2018-07-06 9:35:33 - Sync for product 1
2018-07-06 9:43:10 - Sync for product 1
2018-07-06 9:44:55 - Sync for product 1
2018-07-06 9:56:27 - Sync for product 1
2018-07-06 9:57:18 - Sync for product 1
2018-07-06 10:33:02 - Sync for product 1
2018-07-06 10:34:10 - Sync for product 1
2018-07-06 16:46:55 - Update products for availability change - 1
2018-07-06 10:47:05 - Sync for product 1
2018-07-10 5:15:49 - Sync for product 1
2018-07-22 14:01:36 - Sync for product 1
2018-07-22 14:49:38 - Sync for product 2
2018-07-25 8:20:07 - Sync for product 1
2018-07-25 8:20:16 - Sync for product 2
2018-08-01 12:48:01 - Sync for product 1
2018-08-01 14:18:36 - Sync for product 1
2018-08-01 14:32:27 - Sync for product 1
2018-08-01 16:10:01 - Sync for product 10
2018-08-01 16:10:08 - Sync for product 11
2018-08-01 16:10:28 - Sync for product 12
2018-08-01 16:10:35 - Sync for product 13
2018-08-01 16:10:42 - Sync for product 14
2018-08-01 16:10:46 - Sync for product 15
2018-08-01 16:10:50 - Sync for product 16
2018-08-01 16:10:54 - Sync for product 2
2018-08-01 16:10:58 - Sync for product 3
2018-08-01 16:11:02 - Sync for product 4
2018-08-01 16:11:06 - Sync for product 5
2018-08-01 16:11:13 - Sync for product 6
2018-08-01 16:11:18 - Sync for product 7
2018-08-01 16:11:23 - Sync for product 8
2018-08-01 16:11:27 - Sync for product 9
2018-08-01 16:38:24 - Sync for product 16
2018-08-07 23:44:05 - Update products for availability change - 1
2018-08-07 17:44:41 - Sync for product 1
2018-08-13 4:43:44 - Sync for product 1
2018-08-13 5:42:40 - Sync for product 10
2018-08-13 5:42:43 - Sync for product 10
2018-08-13 7:07:27 - Sync for product 10
2018-08-13 9:37:46 - Sync for product 10
2018-08-13 9:37:47 - Sync for product 10
2018-08-13 12:35:15 - Sync for product 10
2018-08-13 18:45:01 - Sync for product 1
2018-08-13 18:46:23 - Sync for product 1
2018-08-13 18:46:39 - Sync for product 1
2018-08-13 18:46:56 - Sync for product 1
2018-08-13 18:46:59 - Sync for product 1
2018-08-15 4:11:44 - Sync for product 1
2018-08-15 4:16:56 - Sync for product 1
2018-08-15 4:45:24 - Sync for product 1
2018-08-15 4:46:10 - Sync for product 1
2018-08-15 4:49:34 - Sync for product 1
2018-08-15 4:51:14 - Sync for product 1
2018-08-15 4:53:53 - Sync for product 1
2018-08-15 4:54:05 - Sync for product 1
2018-08-18 15:51:33 - Update products for availability change - 1
2018-08-18 22:34:13 - Update products for availability change - 1,13
2018-08-29 21:29:17 - Update products for availability change - 1,13
2018-08-29 21:29:51 - Update products for availability change - 1
2018-08-29 21:33:37 - Update products for availability change - 1
2018-08-29 22:32:11 - Update products for availability change - 1
2018-08-30 15:26:59 - Sync for product 10
2018-09-02 15:23:27 - Sync for product 1
2018-09-03 17:27:29 - Sync for product 1
2018-09-03 17:39:53 - Sync for product 1
2018-09-03 17:48:18 - Sync for product 1
2018-09-08 8:51:11 - Sync for product 16
2018-09-09 11:24:40 - Update products for availability change - 1,10
2018-09-09 5:54:59 - Sync for product 1
2018-09-09 7:45:42 - Sync for product 1
2018-09-09 7:56:35 - Sync for product 1
2018-09-09 7:56:36 - Sync for product 1
2018-09-09 12:33:44 - Sync for product 1
2018-09-14 3:55:32 - Sync for product 1
2018-09-15 15:39:36 - Sync for product 10
2018-09-15 15:39:45 - Sync for product 10
2018-09-15 17:03:31 - Sync for product 1
2018-09-15 17:03:36 - Sync for product 1
2018-09-16 14:42:45 - Update products for availability change - 1
2018-09-18 23:33:34 - Update products for availability change - 1,12,10
2018-09-19 14:32:04 - Update products for availability change - 2,3,4,7,8,1
2018-09-19 14:57:07 - Sync for product 1
2018-09-19 21:40:19 - Update products for availability change - 1,10
2018-09-19 15:55:39 - Sync for product 10
2018-09-19 22:01:09 - Update products for availability change - 1,10
2018-09-21 3:59:15 - Sync for product 5
2018-09-21 9:51:53 - Sync for product 1
2018-09-21 9:51:59 - Sync for product 2
2018-09-21 9:52:03 - Sync for product 3
2018-09-21 9:52:11 - Sync for product 4
2018-09-21 9:52:16 - Sync for product 6
2018-09-21 9:52:20 - Sync for product 7
2018-09-21 9:52:24 - Sync for product 8
2018-09-21 9:52:28 - Sync for product 5
2018-09-21 19:02:14 - Update products for availability change - 1,2
2018-09-21 19:23:33 - Update products for availability change - 1
2018-09-22 18:40:22 - Sync for product 11
2018-09-23 15:03:04 - Update products for availability change - 11
2018-09-23 15:04:39 - Update products for availability change - 11
2018-09-23 15:06:52 - Update products for availability change - 11
2018-09-23 15:14:28 - Update products for availability change - 11
2018-09-23 15:15:35 - Update products for availability change - 11
2018-09-23 15:15:44 - Update products for availability change - 11
2018-09-23 15:16:32 - Update products for availability change - 11
2018-09-23 15:23:53 - Update products for availability change - 11
2018-09-23 15:29:33 - Update products for availability change - 11
2018-09-23 15:30:14 - Update products for availability change - 11
2018-09-23 15:30:31 - Update products for availability change - 11
2018-09-23 15:36:53 - Update products for availability change - 11
2018-09-23 15:41:59 - Update products for availability change - 11
2018-09-23 15:42:38 - Update products for availability change - 11
2018-09-23 15:53:19 - Update products for availability change - 11
2018-09-23 15:54:19 - Update products for availability change - 11
2018-09-23 15:59:55 - Update products for availability change - 11
2018-09-23 17:42:52 - Update products for availability change - 11
2018-09-23 17:44:50 - Update products for availability change - 11
2018-09-24 9:36:58 - Sync for product 4
2018-09-24 11:20:26 - Update products for availability change - 4
2018-09-24 11:26:20 - Update products for availability change - 3
2018-09-24 14:47:31 - Update products for availability change - 4
2018-09-24 14:51:39 - Update products for availability change - 4
2018-09-24 16:01:20 - Sync for product 1
2018-09-24 16:34:24 - Update products for availability change - 4
2018-09-24 16:35:15 - Update products for availability change - 4
2018-09-24 16:37:39 - Update products for availability change - 4
2018-09-24 16:46:28 - Update products for availability change - 3
2018-09-24 16:47:32 - Update products for availability change - 3
2018-09-24 18:14:41 - Update products for availability change - 4
2018-09-24 23:18:05 - Update products for availability change - 11
2018-09-25 11:31:49 - Update products for availability change - 4
2018-09-25 11:43:42 - Update products for availability change - 4
2018-09-26 9:48:22 - Update products for availability change - 4
2018-09-26 10:00:20 - Update products for availability change - 4
2018-09-26 10:05:51 - Update products for availability change - 4
2018-09-26 10:13:03 - Update products for availability change - 4
2018-09-26 10:16:15 - Update products for availability change - 4
2018-09-26 10:17:26 - Update products for availability change - 4
2018-09-26 10:18:18 - Update products for availability change - 4
2018-09-26 10:23:28 - Update products for availability change - 4
2018-09-26 23:10:44 - Update products for availability change - 11
2018-09-26 23:51:17 - Sync for product 11
2018-09-26 23:51:35 - Sync for product 11
2018-09-26 23:54:54 - Sync for product 11
2018-09-26 23:56:33 - Sync for product 11
2018-09-28 5:21:41 - Sync for product 2
2018-10-02 6:02:06 - Sync for product 1
2018-10-19 5:30:26 - Sync for product 11
2018-10-19 5:48:36 - Sync for product 1
2018-10-19 9:00:33 - Sync for product 1
2018-10-19 15:05:51 - Update products for availability change - 3,1,2
2018-10-19 15:22:02 - Update products for availability change - 2,4
2018-10-19 15:35:43 - Update products for availability change - 2,4
2018-10-23 10:12:10 - Update products for availability change - 3,1,2
2018-10-24 17:01:53 - Sync for product 10
2018-10-24 23:45:20 - Update products for availability change - 1,10
2018-10-24 23:46:57 - Update products for availability change - 1,10
2018-11-02 18:25:04 - Sync for product 1
2018-11-03 3:27:41 - Get Sample product feed
2018-11-03 3:27:41 - Complete - Get Sample product feed
2018-11-03 5:22:06 - Sync for product 1
2018-11-03 8:02:24 - Get Sample product feed
2018-11-03 8:02:24 - Complete - Get Sample product feed
2018-11-03 8:28:42 - Get Sample product feed
2018-11-03 8:28:42 - Complete - Get Sample product feed
2018-11-18 13:55:37 - Sync for product 1
2018-11-18 13:56:17 - Sync for product 1
2018-11-18 13:57:41 - Sync for product 1
2018-11-21 0:00:24 - Update products for availability change - 1
2018-12-22 10:01:56 - Sync for product 1
2018-12-25 8:12:18 - Get Sample product feed
2018-12-25 8:12:18 - Complete - Get Sample product feed
2019-01-01 16:42:02 - Get Sample product feed
2019-01-01 16:42:02 - Complete - Get Sample product feed
2019-01-05 4:27:12 - Sync for product 2
2019-01-05 4:27:30 - Sync for product 3
2019-01-05 5:03:42 - Sync for product 2
2019-01-05 17:03:49 - Update products for availability change - 2
2019-01-05 17:06:37 - Update products for availability change - 1
2019-01-05 17:11:31 - Update products for availability change - 1
2019-03-02 14:17:36 - Sync for product 1
2019-03-02 15:07:07 - Sync for product 1
2019-03-06 20:25:00 - Sync for product 2
2019-03-06 20:35:14 - Sync for product 1
2019-03-06 20:49:54 - Sync for product 1
2019-03-06 20:54:27 - Sync for product 1
2019-03-06 20:58:02 - Sync for product 2
2019-03-06 22:17:01 - Sync for product 1
2019-03-06 22:34:36 - Sync for product 1
2019-03-06 22:34:40 - Sync for product 2
2019-03-06 22:35:31 - Sync for product 1
2019-03-06 22:35:37 - Sync for product 2
2019-03-06 22:35:40 - Sync for product 1
2019-03-07 11:30:48 - Sync for product 1
2019-03-07 11:31:29 - Update products for availability change - 1
2019-03-07 16:17:16 - Update products for availability change - 1
2019-03-07 17:14:37 - Sync for product 2
2019-03-07 17:15:35 - Sync for product 2
2019-03-07 19:05:44 - Update products for availability change - 1
2019-07-04 6:10:27 - Sync for product 1
2019-07-04 6:11:09 - Sync for product 1
2019-07-04 6:11:10 - Sync for product 1
2019-07-11 16:09:20 - Sync for product 1
2019-07-11 22:09:43 - Update products for availability change - 1
2019-11-05 14:16:28 - Sync for product 1
2019-11-05 16:38:05 - Sync for product 1
2019-11-05 16:38:55 - Sync for product 1
2019-11-05 16:38:59 - Sync for product 1
2019-11-05 16:39:28 - Sync for product 2
2019-11-05 16:56:21 - Update products for availability change - 1
2019-11-05 17:01:52 - Update products for availability change - 1
2019-11-05 17:42:33 - Sync for product 1
2019-11-05 17:43:21 - Sync for product 1
2019-11-05 17:43:30 - Sync for product 1
2019-11-05 17:43:40 - Sync for product 1
2019-11-05 17:44:13 - Sync for product 1
2019-11-05 17:44:49 - Sync for product 1
2019-11-05 17:44:59 - Sync for product 1
2019-11-06 11:32:47 - Sync for product 1
2019-11-06 14:01:15 - Sync for product 1
2019-11-06 14:28:33 - Sync for product 1
2019-11-06 14:28:51 - Sync for product 1
2019-11-06 14:29:01 - Sync for product 1
2019-11-06 14:35:37 - Sync for product 1
2019-11-06 14:39:29 - Sync for product 1
2019-11-06 14:41:57 - Sync for product 1
2019-11-06 14:42:06 - Sync for product 1
2019-11-06 14:42:17 - Sync for product 1
2019-11-06 14:42:33 - Sync for product 1
2019-11-06 14:42:46 - Sync for product 1
2019-11-06 14:42:56 - Sync for product 1
2019-11-06 14:44:28 - Sync for product 1
2019-11-06 14:51:04 - Sync for product 1
2019-11-06 14:51:45 - Sync for product 1
2019-11-06 14:51:58 - Sync for product 1
2019-11-06 14:52:41 - Sync for product 1
2019-11-06 14:53:15 - Sync for product 1
2019-11-08 16:00:24 - Sync for product 1
2019-11-08 16:04:38 - Sync for product 1
2019-11-08 16:04:46 - Sync for product 1
2019-11-08 16:05:04 - Sync for product 1
2019-11-08 16:05:26 - Sync for product 1
2019-11-08 16:08:35 - Sync for product 1
2019-11-08 16:09:34 - Sync for product 1
2019-11-08 16:10:15 - Sync for product 1
2019-11-08 16:10:26 - Sync for product 1
2019-11-08 16:10:45 - Sync for product 1
2019-11-08 16:14:58 - Sync for product 1
2019-11-08 16:15:46 - Sync for product 1
2019-11-08 16:16:29 - Sync for product 1
2019-11-08 16:21:20 - Sync for product 1
2019-11-08 16:21:58 - Sync for product 1
2019-11-08 16:27:09 - Sync for product 1
2019-11-08 16:30:39 - Sync for product 1
2019-11-08 16:30:51 - Sync for product 1
2019-11-11 14:50:40 - Sync for product 1
2019-11-11 14:51:29 - Sync for product 1
2019-11-11 14:55:54 - Update products for availability change - 1
2019-11-11 14:59:51 - Sync for product 1
2019-11-11 15:00:28 - Update products for availability change - 1
2019-11-11 15:48:11 - Sync for product 3
2019-11-11 15:48:29 - Sync for product 3
2019-11-14 14:58:59 - Sync for product 1
2019-11-14 14:59:15 - Sync for product 2
2019-11-14 18:07:15 - Sync for product 1
2019-11-15 9:51:17 - Sync for product 1
2019-11-15 9:51:55 - Sync for product 3
2019-11-15 9:52:03 - Sync for product 1
2019-11-15 9:52:28 - Sync for product 2
2019-11-15 9:52:44 - Sync for product 2
2019-11-15 14:38:55 - Sync for product 2
2019-11-15 14:39:10 - Sync for product 2
2019-11-15 14:48:04 - Sync for product 2
2019-11-15 14:48:47 - Sync for product 2
2019-11-15 15:07:53 - Sync for product 2
2019-11-18 16:51:21 - Sync for product 2
2019-11-18 16:52:08 - Sync for product 2
2019-11-18 17:31:00 - Sync for product 2
2019-11-18 17:46:52 - Sync for product 2
2019-11-19 12:04:14 - Sync for product 2
2019-11-19 12:04:22 - Sync for product 2
2019-11-19 14:36:59 - Sync for product 2
2019-11-19 14:37:24 - Sync for product 2
2019-11-19 14:42:16 - Sync for product 2
2019-11-19 14:42:43 - Sync for product 2
2019-11-19 14:43:00 - Sync for product 2
2019-11-19 14:43:36 - Sync for product 2
2019-11-19 14:43:57 - Sync for product 2
2019-11-20 10:00:49 - Sync for product 2
2019-11-20 10:01:07 - Sync for product 2
2019-11-20 10:01:22 - Sync for product 2
2019-11-20 10:01:38 - Sync for product 2
2019-11-20 10:01:51 - Sync for product 2
2019-11-20 10:03:17 - Sync for product 2
2019-11-20 10:04:04 - Sync for product 2
2019-11-20 10:04:19 - Sync for product 2
2019-11-20 10:04:32 - Sync for product 2
2019-11-20 10:04:48 - Sync for product 2
2019-11-20 10:05:01 - Sync for product 2
2019-11-20 10:05:05 - Sync for product 2
2019-11-20 10:05:28 - Sync for product 2
2019-11-20 10:05:33 - Sync for product 2
2019-11-20 10:05:37 - Sync for product 2
2019-11-20 10:06:11 - Sync for product 2
2019-11-25 10:47:19 - Sync for product 1
2019-11-25 11:00:06 - Sync for product 1
2019-11-25 11:44:36 - Sync for product 1
2019-11-25 11:44:48 - Sync for product 1
2019-11-25 11:54:19 - Sync for product 1
2019-11-25 11:54:41 - Sync for product 1
2019-11-25 11:55:05 - Sync for product 1
2019-11-25 12:00:27 - Sync for product 1
2019-11-25 12:02:21 - Sync for product 1
2019-11-25 16:15:22 - Sync for product 2
2019-11-25 16:53:59 - Sync for product 2
2019-11-25 17:05:36 - Sync for product 2
2019-11-25 17:06:12 - Sync for product 2
2019-11-25 17:06:19 - Sync for product 2
2019-11-25 17:58:03 - Sync for product 1
2019-11-25 17:58:14 - Sync for product 1
2019-11-25 18:01:49 - Sync for product 1
2019-11-25 18:03:32 - Sync for product 1
2019-11-25 18:03:43 - Sync for product 1
2020-01-02 11:53:54 - Sync for product 1
2020-01-02 11:54:35 - Update products for availability change - 1
2020-01-02 11:55:13 - Update products for availability change - 1
2020-01-02 11:55:44 - Update products for availability change - 1
2020-01-02 11:56:34 - Update products for availability change - 1
2020-01-02 12:15:47 - Update products for availability change - 1
2020-01-02 14:05:31 - Update products for availability change - 1
2020-01-02 14:05:58 - Update products for availability change - 1
2020-01-02 14:06:29 - Update products for availability change - 1
2020-01-02 14:31:25 - Update products for availability change - 1
2020-01-02 14:31:53 - Update products for availability change - 1
2020-01-02 14:33:29 - Update products for availability change - 1
2020-01-02 14:47:30 - Update products for availability change - 1
2020-01-02 14:48:01 - Update products for availability change - 1
2020-01-02 15:07:48 - Get Sample product feed
2020-01-02 15:07:48 - Complete - Get Sample product feed
2020-01-02 15:13:07 - Sync for product 1
2020-01-02 15:13:10 - Sync for product 1
2020-01-02 15:33:49 - Sync for product 2
2020-01-02 15:33:56 - Sync for product 2
2020-01-02 15:34:14 - Sync for product 3
2020-01-02 15:34:21 - Sync for product 3
2020-01-02 15:34:30 - Sync for product 1
2020-01-02 15:34:42 - Sync for product 4
2020-01-02 15:35:01 - Sync for product 5
2020-01-03 15:44:53 - Sync for product 6
2020-01-03 15:47:25 - Sync for product 3
2020-01-03 15:47:52 - Sync for product 2
2020-01-09 11:13:21 - Sync for product 7
2020-01-09 11:19:49 - Sync for product 7
2020-01-09 11:20:24 - Sync for product 7
2020-01-09 11:27:29 - Sync for product 7
2020-01-09 11:50:51 - Sync for product 7
2020-01-09 11:51:16 - Sync for product 7
2020-01-09 11:51:31 - Sync for product 7
2020-01-09 11:52:05 - Sync for product 7
2020-01-09 11:54:32 - Get Sample product feed
2020-01-09 11:54:32 - Complete - Get Sample product feed
2020-01-09 14:57:39 - Sync for product 3
2020-01-09 15:52:10 - Sync for product 5
2020-01-09 15:52:47 - Sync for product 5
2020-01-09 16:45:42 - Sync for product 7
2020-01-09 16:49:50 - Sync for product 1
2020-01-09 17:45:23 - Sync for product 1
2020-01-09 17:51:36 - Sync for product 2
2020-01-09 18:06:57 - Sync for product 1
2020-01-10 15:47:13 - Sync for product 1
2020-01-10 15:48:46 - Sync for product 2
2020-01-10 15:56:26 - Sync for product 3
2020-01-10 16:04:03 - Sync for product 3
2020-02-14 16:05:46 - Sync for product 1
2020-02-17 12:18:25 - Get Sample product feed
2020-02-17 12:18:25 - Complete - Get Sample product feed
2020-02-18 9:57:38 - Sync for product 1
2020-02-18 9:57:51 - Sync for product 1
2020-02-18 10:01:03 - Update products for availability change - 1
2020-02-18 10:35:07 - Update products for availability change - 1
2020-02-18 14:20:39 - Sync for product 1
2020-02-18 14:21:02 - Update products for availability change - 1
2020-02-18 15:20:25 - Sync for product 2
2020-02-18 16:44:16 - Update products for availability change - 1
2020-02-19 16:36:56 - Sync for product 1
2020-02-19 16:37:01 - Sync for product 1
2020-02-19 17:12:00 - Update products for availability change - 1
2020-02-20 11:10:10 - Sync for product 3
2020-02-20 11:10:22 - Sync for product 4
2020-02-20 11:10:28 - Sync for product 4
2020-02-20 11:10:43 - Sync for product 1
2020-02-20 11:11:15 - Sync for product 1
2020-02-20 11:15:20 - Update products for availability change - 1
2020-02-20 17:35:10 - Update products for availability change - 1,2
2020-02-20 17:44:41 - Sync for product 2
2020-02-20 17:44:43 - Sync for product 2
2020-02-20 17:45:17 - Sync for product 3
2020-02-20 18:04:21 - Sync for product 1
2020-02-21 15:26:59 - Sync for product 1
2020-02-21 15:41:28 - Sync for product 1
2020-02-21 15:49:14 - Sync for product 2
2020-02-25 14:12:37 - Sync for product 1
2020-02-25 14:36:52 - Sync for product 1
2020-02-27 11:32:45 - Sync for product 1
2020-02-27 15:39:44 - Sync for product 2
2020-02-27 15:39:57 - Sync for product 2
2020-02-27 15:40:04 - Sync for product 1
2020-02-27 15:41:12 - Sync for product 2
2020-02-27 15:41:16 - Sync for product 1
2020-02-27 15:41:35 - Sync for product 3
2020-02-27 15:41:44 - Sync for product 4
2020-02-27 15:49:46 - Sync for product 1
2020-02-27 15:50:50 - Update products for availability change - 1
2020-02-27 15:53:08 - Update products for availability change - 1
2020-02-27 15:54:15 - Update products for availability change - 1
2020-02-27 15:55:15 - Sync for product 1
2020-02-27 15:55:28 - Sync for product 1
2020-02-27 16:07:16 - Update products for availability change - 1
2020-02-27 16:08:40 - Update products for availability change - 1
2020-02-27 16:18:36 - Update products for availability change - 1
2020-02-27 16:34:42 - Update products for availability change - 1
2020-02-27 16:37:28 - Sync for product 1
2020-02-27 16:37:52 - Update products for availability change - 1
2020-02-27 16:38:01 - Sync for product 1
2020-02-27 16:38:27 - Update products for availability change - 1
2020-02-27 16:38:55 - Sync for product 1
2020-02-27 16:39:21 - Update products for availability change - 1
2020-02-28 11:50:23 - Sync for product 2
2020-02-28 11:57:44 - Sync for product 2
2020-02-28 12:00:15 - Sync for product 2
2020-03-03 11:36:06 - Sync for product 1
2020-03-03 11:36:13 - Sync for product 2
2020-03-03 11:36:19 - Sync for product 2
2020-03-03 11:36:32 - Sync for product 3
2020-03-03 11:36:40 - Sync for product 1
2020-03-03 11:37:19 - Get Sample product feed
2020-03-03 11:37:19 - Complete - Get Sample product feed
2020-03-03 15:20:47 - Sync for product 1
2020-03-03 15:21:25 - Update products for availability change - 1
2020-03-03 15:22:23 - Sync for product 1
2020-03-03 15:23:14 - Update products for availability change - 1
2020-03-03 15:24:20 - Sync for product 1
2020-03-03 15:24:27 - Sync for product 1
2020-03-03 15:25:10 - Update products for availability change - 1
2020-03-03 15:36:41 - Sync for product 1
2020-03-03 15:56:25 - Sync for product 1
2020-03-03 15:57:23 - Sync for product 1
2020-03-03 15:57:49 - Sync for product 1
2020-03-03 16:24:23 - Sync for product 1
2020-03-03 16:24:52 - Sync for product 1
2020-03-03 16:25:04 - Sync for product 1
2020-03-03 16:25:56 - Sync for product 1
2020-03-03 16:26:02 - Sync for product 1
2020-03-03 16:26:31 - Sync for product 1
2020-03-03 16:37:24 - Sync for product 1
2020-03-03 16:39:43 - Sync for product 1
2020-03-03 16:39:52 - Sync for product 1
2020-03-03 17:32:24 - Update products for availability change - 1
2020-03-03 17:36:32 - Sync for product 1
2020-03-04 9:36:07 - Sync for product 1
2020-03-04 9:41:37 - Sync for product 1
2020-03-04 9:41:46 - Sync for product 1
2020-03-04 16:10:30 - Sync for product 1
2020-03-04 17:39:30 - Update products for availability change - 3
2020-03-04 17:40:48 - Update products for availability change - 3
2020-03-20 9:55:33 - Sync for product 1
2020-03-20 9:55:39 - Sync for product 2
2020-03-24 11:05:56 - Update products for availability change - 1,2
2020-03-24 15:05:31 - Sync for product 1
2020-03-24 15:05:58 - Update products for availability change - 1
2020-03-25 9:24:41 - Sync for product 1
2020-03-25 9:24:44 - Sync for product 1
2020-03-25 9:25:35 - Sync for product 1
2020-04-02 13:10:41 - Sync for product 1
2020-04-02 13:10:48 - Sync for product 1
2020-04-02 13:10:56 - Sync for product 1
2020-04-08 13:50:52 - Sync for product 2
2020-04-14 14:24:35 - Sync for product 1
2020-05-04 20:39:20 - Sync for product 1
2020-05-04 20:39:38 - Sync for product 2
2020-05-04 20:40:00 - Sync for product 1
2020-05-04 20:40:09 - Sync for product 2
2020-05-04 20:46:19 - Update products for availability change - 1,2
2020-07-15 13:08:14 - Get Sample product feed
2020-07-15 13:08:14 - Complete - Get Sample product feed
2020-07-15 15:09:19 - Sync for product 1
2020-07-15 15:10:22 - Sync for product 1
2020-07-15 15:13:24 - Sync for product 1
2020-07-15 15:14:03 - Sync for product 1
2020-07-15 15:15:24 - Sync for product 1
2020-07-15 15:16:52 - Sync for product 3
2020-07-15 21:09:22 - Sync for product 2
2020-07-15 23:46:49 - Sync for product 1
2020-07-15 23:46:57 - Sync for product 1
2020-08-09 22:35:59 - Update products for availability change - 4
2020-08-14 15:58:48 - Sync for product 2
2020-08-14 19:35:10 - Sync for product 2
2020-09-01 14:58:34 - Sync for product 13
2020-09-01 15:00:56 - Sync for product 13
2020-09-01 15:01:47 - Sync for product 14
2020-09-01 15:02:21 - Sync for product 15
2020-09-01 15:03:24 - Sync for product 16
2020-09-01 15:04:19 - Sync for product 17
2020-09-01 15:04:50 - Sync for product 18
2020-09-01 15:05:33 - Sync for product 19
2020-09-01 15:10:26 - Sync for product 20
2020-09-01 15:12:36 - Sync for product 21
2020-09-01 15:13:11 - Sync for product 22
2020-09-01 15:13:47 - Sync for product 23
2020-09-01 15:14:15 - Sync for product 24
2020-09-01 15:15:18 - Sync for product 25
2020-09-01 15:15:51 - Sync for product 26
2020-09-01 15:16:32 - Sync for product 27
2020-09-01 15:17:05 - Sync for product 28
2020-09-01 15:22:51 - Sync for product 29
2020-09-01 15:23:55 - Sync for product 30
2020-09-01 15:24:23 - Sync for product 31
2020-09-01 15:24:47 - Sync for product 32
2020-09-01 15:25:16 - Sync for product 33
2020-09-01 15:26:34 - Sync for product 34
2020-09-01 15:27:04 - Sync for product 35
2020-09-01 15:27:36 - Sync for product 36
2020-09-01 15:28:15 - Sync for product 37
2020-09-01 15:28:53 - Sync for product 38
2020-09-01 15:29:57 - Sync for product 39
2020-09-01 15:30:28 - Sync for product 40
2020-09-01 15:30:57 - Sync for product 41
2020-09-01 15:31:27 - Sync for product 42
2020-09-08 11:29:15 - Sync for product 13
2020-09-08 11:30:52 - Sync for product 14
2020-09-08 11:31:52 - Sync for product 15
2020-09-08 11:33:23 - Sync for product 16
2020-09-08 11:35:09 - Sync for product 17
2020-09-08 11:36:25 - Sync for product 18
2020-09-08 11:37:29 - Sync for product 19
2020-09-08 11:39:43 - Sync for product 20
2020-09-08 11:42:12 - Sync for product 21
2020-09-08 11:46:41 - Sync for product 22
2020-09-08 11:47:46 - Sync for product 23
2020-09-08 11:49:05 - Sync for product 24
2020-09-08 11:49:52 - Sync for product 25
2020-09-08 11:50:28 - Sync for product 26
2020-09-08 11:51:43 - Sync for product 27
2020-09-08 11:54:43 - Sync for product 28
2020-09-08 11:56:48 - Sync for product 29
2020-09-08 11:57:54 - Sync for product 30
2020-09-08 11:58:48 - Sync for product 31
2020-09-08 11:59:41 - Sync for product 32
2020-09-08 12:00:42 - Sync for product 33
2020-09-08 12:01:36 - Sync for product 34
2020-09-08 12:04:17 - Sync for product 35
2020-09-08 12:05:05 - Sync for product 36
2020-09-08 12:06:25 - Sync for product 37
2020-09-08 12:08:33 - Sync for product 38
2020-09-08 12:10:40 - Sync for product 39
2020-09-08 12:11:40 - Sync for product 40
2020-09-08 12:13:02 - Sync for product 41
2020-09-08 12:16:10 - Sync for product 42
2020-09-11 15:19:35 - Sync for product 13
2020-09-11 15:20:55 - Sync for product 17
2020-09-11 15:21:23 - Sync for product 13
2020-09-11 15:23:26 - Sync for product 14
2020-09-11 15:25:38 - Sync for product 15
2020-09-11 15:27:17 - Sync for product 16
2020-09-11 15:29:03 - Sync for product 17
2020-09-11 15:30:46 - Sync for product 17
2020-09-11 15:32:13 - Sync for product 18
2020-09-11 15:33:04 - Sync for product 19
2020-09-11 15:35:11 - Sync for product 20
2020-09-11 15:35:20 - Sync for product 20
2020-09-11 15:37:02 - Sync for product 21
2020-09-11 15:38:04 - Sync for product 22
2020-09-11 15:40:37 - Sync for product 23
2020-09-11 15:42:50 - Sync for product 24
2020-09-11 15:42:57 - Sync for product 24
2020-09-11 15:44:46 - Sync for product 25
2020-09-11 15:45:38 - Sync for product 26
2020-09-11 15:46:50 - Sync for product 27
2020-09-11 15:47:43 - Sync for product 28
2020-09-11 15:49:56 - Sync for product 29
2020-09-11 15:50:53 - Sync for product 30
2020-09-11 15:51:51 - Sync for product 31
2020-09-11 15:52:57 - Sync for product 32
2020-09-11 15:54:15 - Sync for product 33
2020-09-11 15:55:27 - Sync for product 34
2020-09-11 15:56:48 - Sync for product 35
2020-09-11 15:58:25 - Sync for product 36
2020-09-11 16:02:20 - Sync for product 37
2020-09-11 16:03:42 - Sync for product 38
2020-09-11 16:03:54 - Sync for product 38
2020-09-11 16:04:55 - Sync for product 39
2020-09-11 16:06:03 - Sync for product 40
2020-09-11 16:07:33 - Sync for product 41
2020-09-11 16:08:58 - Sync for product 42
2020-10-05 16:05:37 - Sync for product 41
2020-10-05 16:06:41 - Sync for product 41
2020-10-07 9:22:50 - Sync for product 2
2020-10-07 9:26:08 - Sync for product 2
2020-10-07 9:27:11 - Sync for product 2
2020-10-07 9:27:42 - Sync for product 2
2020-10-07 18:27:49 - Sync for product 40
2020-10-07 18:28:07 - Sync for product 40
2020-10-07 18:28:18 - Sync for product 40
2020-10-09 20:36:32 - Sync for product 40
2020-10-09 20:38:39 - Sync for product 40
2020-10-09 20:45:45 - Sync for product 40
2020-10-14 14:35:56 - Sync for product 40
2020-10-14 15:14:51 - Sync for product 40
2020-10-20 16:44:02 - Sync for product 40
2020-10-20 16:46:04 - Sync for product 40
2020-11-05 14:30:59 - Sync for product 43
2020-11-05 14:35:21 - Sync for product 43
2020-11-05 14:44:08 - Delete for products - 43,44,45,46,47,48,49,50,51,52
2020-11-05 14:44:35 - Delete for products - 53,54
2020-11-05 14:47:09 - Sync for product 13
2020-11-05 14:49:45 - Sync for product 14
2020-11-05 14:57:33 - Sync for product 15
2020-11-05 15:05:48 - Sync for product 15
2020-11-05 15:09:15 - Sync for product 16
2020-11-05 15:18:42 - Sync for product 18
2020-11-05 15:23:06 - Sync for product 19
2020-11-05 15:26:47 - Sync for product 20
2020-11-05 15:28:53 - Sync for product 21
2020-11-05 15:29:50 - Delete for products - 17
2020-11-05 15:31:01 - Sync for product 22
2020-11-05 15:31:04 - Sync for product 22
2020-11-05 15:32:38 - Sync for product 23
2020-11-05 15:34:37 - Sync for product 24
2020-11-05 15:45:51 - Sync for product 25
2020-11-05 15:47:14 - Sync for product 26
2020-11-05 15:49:08 - Sync for product 27
2020-11-05 15:49:44 - Sync for product 28
2020-11-05 16:21:54 - Sync for product 29
2020-11-05 16:23:15 - Sync for product 30
2020-11-05 16:24:22 - Sync for product 30
2020-11-05 16:25:48 - Sync for product 31
2020-11-05 16:27:26 - Sync for product 32
2020-11-05 16:28:46 - Sync for product 33
2020-11-05 16:31:02 - Sync for product 34
2020-11-05 16:33:11 - Sync for product 35
2020-11-05 16:35:18 - Sync for product 36
2020-11-05 16:46:18 - Sync for product 37
2020-11-05 16:47:35 - Sync for product 38
2020-11-05 16:48:45 - Sync for product 39
2020-11-05 16:50:11 - Sync for product 40
2020-11-05 16:50:51 - Sync for product 41
2020-11-05 16:51:49 - Sync for product 42
2020-11-06 13:50:12 - Sync for product 40
2020-11-06 14:33:37 - Sync for product 40
2020-11-06 15:45:35 - Sync for product 40
2020-11-06 15:47:07 - Sync for product 40
2020-11-10 10:52:13 - Sync for product 39
2020-11-10 11:15:54 - Sync for product 23
2020-11-10 11:16:31 - Sync for product 23
2020-11-10 13:16:47 - Sync for product 38
2020-11-10 13:32:53 - Sync for product 40
2020-11-10 13:34:45 - Sync for product 34
2020-11-10 13:37:22 - Sync for product 42
2020-11-10 14:03:30 - Sync for product 29
2020-11-10 14:05:10 - Sync for product 30
2020-11-10 14:06:07 - Sync for product 31
2020-11-10 14:07:31 - Sync for product 33
2020-11-10 14:08:29 - Sync for product 32
2020-11-10 14:11:21 - Sync for product 38
2020-11-10 14:12:41 - Sync for product 24
2020-11-10 14:15:29 - Sync for product 16
2020-11-10 14:18:17 - Sync for product 55
2020-11-10 14:21:44 - Sync for product 19
2020-11-10 14:23:11 - Sync for product 23
2020-11-10 14:24:54 - Sync for product 36
2020-11-10 14:26:05 - Sync for product 18
2020-11-10 14:28:28 - Sync for product 20
2020-11-10 14:32:08 - Sync for product 21
2020-11-10 14:33:54 - Sync for product 22
2020-11-10 14:36:11 - Sync for product 35
2020-11-10 14:39:15 - Sync for product 37
2020-11-10 14:40:32 - Sync for product 25
2020-11-10 14:41:38 - Sync for product 27
2020-11-10 14:47:16 - Sync for product 14
2020-11-10 14:52:31 - Sync for product 13
2020-11-10 15:05:09 - Sync for product 15
2020-11-10 16:51:23 - Sync for product 40
2020-11-11 14:00:42 - Update products for availability change - 34
2020-11-13 16:26:48 - Sync for product 40
2020-11-13 16:29:34 - Sync for product 35
2020-11-13 16:50:48 - Sync for product 56
2020-11-13 16:55:45 - Sync for product 56
2020-11-13 17:16:36 - Sync for product 56
2020-11-13 18:20:01 - Sync for product 57
2020-11-13 18:25:51 - Sync for product 57
2020-11-13 18:27:20 - Sync for product 56
2020-11-13 18:29:32 - Sync for product 57
2020-11-13 19:16:56 - Sync for product 57
2020-11-13 19:18:08 - Sync for product 56
2020-11-13 21:46:43 - Sync for product 57
2020-11-13 21:49:25 - Sync for product 57
2020-11-13 21:57:48 - Sync for product 57
2020-11-13 22:12:17 - Sync for product 57
2020-11-13 22:13:45 - Sync for product 57
2020-11-13 22:20:43 - Sync for product 57
2020-11-13 22:39:17 - Sync for product 2
2020-11-13 22:44:19 - Sync for product 2
2020-11-16 23:05:16 - Sync for product 2
2020-11-16 23:07:27 - Sync for product 2
2020-11-16 23:11:12 - Sync for product 2
2020-11-17 0:57:59 - Sync for product 58
2020-11-17 1:00:27 - Sync for product 58
2020-11-17 1:01:04 - Sync for product 58
2020-11-17 1:08:41 - Sync for product 58
2020-11-17 1:09:58 - Sync for product 58
2020-11-18 0:27:03 - Sync for product 59
2020-11-18 0:28:13 - Sync for product 59
2020-11-18 0:29:52 - Sync for product 59
2020-11-18 0:35:01 - Sync for product 59
2020-11-18 1:01:48 - Sync for product 60
2020-11-18 1:12:06 - Sync for product 60
2020-11-18 1:14:51 - Sync for product 60
2020-11-18 1:22:13 - Sync for product 60
2020-11-18 1:23:40 - Sync for product 60
2020-11-18 1:34:11 - Sync for product 60
2020-11-18 1:35:35 - Sync for product 60
2020-11-20 12:54:36 - Sync for product 59
2020-11-20 12:55:55 - Sync for product 59
2020-11-20 13:03:45 - Sync for product 58
2020-11-24 17:53:04 - Update products for availability change - 29
2020-12-02 17:19:23 - Sync for product 29
2020-12-02 17:19:25 - Sync for product 29
2020-12-09 20:48:13 - Sync for product 3
2020-12-09 21:07:33 - Sync for product 3
2020-12-09 21:44:27 - Sync for product 3
2020-12-09 23:28:28 - Sync for product 61
2020-12-09 23:28:38 - Sync for product 61
2020-12-09 23:28:39 - Sync for product 61
2020-12-09 23:30:16 - Sync for product 61
2020-12-09 23:30:30 - Sync for product 3
2020-12-09 23:30:33 - Sync for product 3
2020-12-10 0:16:34 - Sync for product 62
2020-12-10 0:16:35 - Sync for product 62
2020-12-10 0:32:21 - Sync for product 62
2020-12-10 0:32:22 - Sync for product 62
2020-12-10 0:34:01 - Sync for product 62
2020-12-10 0:46:29 - Sync for product 62
2020-12-10 1:06:52 - Sync for product 62
2020-12-10 1:06:54 - Sync for product 62
2020-12-10 11:40:19 - Sync for product 65
2020-12-10 11:46:28 - Sync for product 65
2020-12-10 11:47:23 - Sync for product 65
2020-12-10 11:47:24 - Sync for product 65
2020-12-10 12:00:24 - Sync for product 65
2020-12-10 12:02:08 - Sync for product 65
2020-12-10 12:02:09 - Sync for product 65
2020-12-10 12:02:46 - Sync for product 65
2020-12-10 12:03:25 - Sync for product 65
2020-12-10 12:03:26 - Sync for product 65
2020-12-10 12:04:09 - Sync for product 65
2020-12-10 12:05:19 - Sync for product 65
2020-12-10 12:06:17 - Sync for product 65
2020-12-10 12:13:17 - Sync for product 66
2020-12-10 12:17:15 - Sync for product 66
2020-12-10 12:17:16 - Sync for product 66
2020-12-10 12:18:25 - Sync for product 66
2020-12-10 12:18:26 - Sync for product 66
2020-12-10 13:45:59 - Sync for product 67
2020-12-10 14:00:05 - Sync for product 68
2020-12-10 14:00:06 - Sync for product 68
2020-12-10 23:45:47 - Sync for product 61
2020-12-10 23:45:48 - Sync for product 61
2020-12-10 23:59:28 - Sync for product 67
2020-12-11 0:00:16 - Sync for product 67
2020-12-11 0:00:46 - Sync for product 68
2020-12-11 0:00:47 - Sync for product 68
2020-12-11 0:03:28 - Sync for product 3
2020-12-11 0:03:29 - Sync for product 3
2020-12-11 0:12:16 - Sync for product 69
2020-12-11 0:12:18 - Sync for product 69
2020-12-11 0:16:56 - Sync for product 69
2020-12-11 0:16:57 - Sync for product 69
2020-12-11 0:29:29 - Sync for product 70
2020-12-11 0:29:31 - Sync for product 70
2020-12-11 0:39:54 - Sync for product 71
2020-12-11 0:42:31 - Sync for product 71
2020-12-11 0:42:33 - Sync for product 71
2020-12-11 0:45:50 - Sync for product 71
2020-12-11 0:45:52 - Sync for product 71
2020-12-11 0:47:40 - Sync for product 71
2020-12-11 0:53:14 - Sync for product 71
2020-12-11 0:53:15 - Sync for product 71
2020-12-11 0:59:36 - Sync for product 72
2020-12-11 0:59:37 - Sync for product 72
2020-12-11 1:06:01 - Sync for product 73
2020-12-11 1:06:02 - Sync for product 73
2020-12-14 0:24:12 - Sync for product 36
2020-12-14 0:24:18 - Sync for product 36
2020-12-14 0:25:56 - Sync for product 35
2020-12-14 0:37:25 - Sync for product 37
2020-12-14 1:14:02 - Sync for product 74
2020-12-14 1:14:04 - Sync for product 74
2020-12-14 1:22:07 - Sync for product 74
2020-12-14 1:22:08 - Sync for product 74
2020-12-14 1:24:22 - Sync for product 58
2020-12-14 1:40:09 - Sync for product 58
2020-12-14 1:40:11 - Sync for product 58
2020-12-14 1:40:12 - Sync for product 58
2020-12-14 1:53:23 - Sync for product 58
2020-12-14 14:28:21 - Sync for product 58
2020-12-14 14:29:19 - Sync for product 58
2020-12-14 14:31:32 - Sync for product 60
2020-12-14 14:33:25 - Sync for product 76
2020-12-14 14:46:47 - Sync for product 76
2020-12-14 14:46:48 - Sync for product 76
2020-12-14 14:46:49 - Sync for product 76
2020-12-14 14:48:42 - Sync for product 76
2020-12-14 16:07:28 - Sync for product 38
2020-12-14 16:12:29 - Sync for product 38
2020-12-14 21:55:46 - Sync for product 77
2020-12-14 21:55:47 - Sync for product 77
2020-12-14 22:08:32 - Sync for product 78
2020-12-14 22:08:34 - Sync for product 78
2020-12-14 22:22:58 - Sync for product 78
2020-12-14 22:22:59 - Sync for product 78
2020-12-14 23:34:56 - Sync for product 60
2020-12-14 23:34:58 - Sync for product 60
2020-12-14 23:53:59 - Sync for product 60
2020-12-14 23:54:01 - Sync for product 60
2020-12-15 0:27:14 - Sync for product 79
2020-12-15 0:27:15 - Sync for product 79
2020-12-15 12:39:36 - Sync for product 80
2020-12-15 12:39:37 - Sync for product 80
2020-12-15 14:11:04 - Sync for product 39
2020-12-15 14:11:06 - Sync for product 39
2020-12-15 14:14:48 - Sync for product 80
2020-12-15 14:19:31 - Sync for product 81
2020-12-15 14:20:36 - Sync for product 81
2020-12-15 15:47:52 - Sync for product 72
2020-12-15 16:25:19 - Sync for product 72
2020-12-15 16:25:20 - Sync for product 72
2020-12-21 16:57:16 - Sync for product 40
2020-12-21 16:58:45 - Sync for product 34
2020-12-21 16:59:16 - Sync for product 34
2020-12-21 16:59:45 - Sync for product 42
2020-12-21 16:59:46 - Sync for product 42
2020-12-21 17:01:57 - Sync for product 41
2020-12-21 17:01:58 - Sync for product 41
2020-12-21 17:02:38 - Sync for product 40
2020-12-21 17:03:34 - Sync for product 34
2020-12-21 17:03:35 - Sync for product 34
2020-12-21 17:03:55 - Sync for product 42
2020-12-21 17:03:56 - Sync for product 42
2020-12-21 17:06:42 - Sync for product 36
2020-12-21 17:06:43 - Sync for product 36
2020-12-21 17:08:29 - Sync for product 35
2020-12-21 17:08:31 - Sync for product 35
2020-12-21 17:14:04 - Sync for product 35
2020-12-21 17:14:05 - Sync for product 35
2020-12-21 17:18:38 - Sync for product 80
2020-12-21 17:18:39 - Sync for product 80
2020-12-21 17:21:09 - Sync for product 38
2020-12-21 17:21:10 - Sync for product 38
2020-12-21 17:22:45 - Sync for product 76
2020-12-21 17:22:46 - Sync for product 76
2020-12-21 17:25:20 - Sync for product 59
2020-12-21 17:25:21 - Sync for product 59
2020-12-21 17:31:07 - Sync for product 59
2020-12-21 17:31:08 - Sync for product 59
2020-12-21 17:33:13 - Sync for product 60
2020-12-21 17:33:14 - Sync for product 60
2020-12-21 17:36:24 - Sync for product 79
2020-12-21 17:36:25 - Sync for product 79
2020-12-21 17:37:43 - Sync for product 77
2020-12-21 17:37:44 - Sync for product 77
2020-12-21 17:41:52 - Sync for product 37
2020-12-21 17:44:49 - Sync for product 39
2020-12-21 17:44:51 - Sync for product 39
2020-12-21 17:49:41 - Sync for product 61
2020-12-21 17:50:34 - Sync for product 61
2020-12-21 17:50:36 - Sync for product 61
2020-12-21 17:51:01 - Sync for product 63
2020-12-21 17:51:02 - Sync for product 63
2020-12-21 17:58:53 - Sync for product 64
2020-12-21 17:58:54 - Sync for product 64
2020-12-21 18:04:49 - Sync for product 61
2020-12-21 18:04:49 - Sync for product 61
2020-12-21 18:05:47 - Sync for product 61
2020-12-21 18:05:48 - Sync for product 61
2020-12-21 18:09:06 - Sync for product 3
2020-12-21 18:09:07 - Sync for product 3
2020-12-21 18:13:23 - Sync for product 3
2020-12-21 18:13:24 - Sync for product 3
2020-12-21 18:13:53 - Sync for product 61
2020-12-21 18:13:54 - Sync for product 61
2020-12-21 18:14:39 - Sync for product 63
2020-12-21 18:14:40 - Sync for product 63
2020-12-21 18:16:05 - Sync for product 62
2020-12-21 18:16:06 - Sync for product 62
2020-12-21 18:20:35 - Sync for product 66
2020-12-21 18:20:36 - Sync for product 66
2020-12-21 18:21:41 - Sync for product 66
2020-12-21 18:21:41 - Sync for product 66
2020-12-21 18:22:36 - Sync for product 70
2020-12-21 18:22:37 - Sync for product 70
2020-12-22 0:35:57 - Sync for product 72
2020-12-22 0:35:58 - Sync for product 72
2020-12-22 0:36:54 - Sync for product 71
2020-12-22 0:36:55 - Sync for product 71
2020-12-22 0:38:59 - Sync for product 72
2020-12-22 0:39:00 - Sync for product 72
2020-12-22 0:40:28 - Sync for product 61
2020-12-22 0:40:30 - Sync for product 61
2020-12-22 0:43:48 - Sync for product 63
2020-12-22 0:43:49 - Sync for product 63
2020-12-22 0:53:33 - Sync for product 64
2020-12-22 0:53:34 - Sync for product 64
2020-12-22 0:55:14 - Sync for product 65
2020-12-22 0:55:15 - Sync for product 65
2020-12-22 0:57:05 - Sync for product 69
2020-12-22 0:57:06 - Sync for product 69
2020-12-22 1:00:48 - Sync for product 65
2020-12-22 1:00:50 - Sync for product 65
2020-12-22 1:02:15 - Sync for product 71
2020-12-22 1:02:16 - Sync for product 71
2020-12-22 1:03:22 - Sync for product 69
2020-12-22 1:03:23 - Sync for product 69
2020-12-22 1:07:34 - Sync for product 68
2020-12-22 1:07:35 - Sync for product 68
2020-12-22 1:08:52 - Sync for product 67
2020-12-22 1:08:53 - Sync for product 67
2021-01-12 21:31:03 - Get Sample product feed
2021-01-12 21:31:03 - Complete - Get Sample product feed
2021-01-13 0:12:46 - Sync for product 24
2021-01-13 0:12:48 - Sync for product 24
2021-01-13 0:15:42 - Sync for product 24
2021-01-13 0:15:43 - Sync for product 24
2021-01-13 0:16:51 - Sync for product 24
2021-01-13 0:16:52 - Sync for product 24
2021-01-13 0:37:10 - Sync for product 24
2021-01-13 0:37:11 - Sync for product 24
2021-01-13 0:38:28 - Sync for product 24
2021-01-13 0:39:23 - Sync for product 24
2021-01-13 17:32:49 - Sync for product 58
2021-01-13 17:33:30 - Sync for product 58
2021-01-13 17:39:27 - Sync for product 74
2021-01-13 17:39:32 - Sync for product 74
2021-01-14 14:05:44 - Get Sample product feed
2021-01-14 14:05:44 - Complete - Get Sample product feed
2021-01-15 12:16:54 - Sync for product 24
2021-01-15 12:16:55 - Sync for product 24
2021-01-15 12:23:05 - Sync for product 24
2021-01-15 12:23:08 - Sync for product 24
2021-01-15 12:23:28 - Sync for product 16
2021-01-15 12:23:29 - Sync for product 16
2021-01-15 12:23:54 - Sync for product 55
2021-01-15 12:23:55 - Sync for product 55
2021-01-15 12:24:18 - Sync for product 19
2021-01-15 12:24:19 - Sync for product 19
2021-01-15 12:35:12 - Sync for product 77
2021-01-15 12:35:14 - Sync for product 77
2021-01-15 12:38:46 - Sync for product 73
2021-01-15 12:38:47 - Sync for product 73
2021-01-15 12:39:53 - Sync for product 19
2021-01-15 12:39:54 - Sync for product 19
2021-01-15 12:41:31 - Sync for product 78
2021-01-15 12:41:32 - Sync for product 78
2021-01-15 12:46:51 - Sync for product 15
2021-01-15 12:46:52 - Sync for product 15
2021-01-15 21:06:29 - Sync for product 29
2021-01-15 21:06:30 - Sync for product 29
2021-01-15 21:07:42 - Sync for product 29
2021-01-15 21:07:42 - Sync for product 29
2021-01-15 21:08:06 - Sync for product 30
2021-01-15 21:08:07 - Sync for product 30
2021-01-15 21:08:36 - Sync for product 31
2021-01-15 21:08:37 - Sync for product 31
2021-01-15 21:08:54 - Sync for product 33
2021-01-15 21:08:55 - Sync for product 33
2021-01-15 21:09:16 - Sync for product 32
2021-01-15 21:09:17 - Sync for product 32
2021-01-19 11:46:01 - Sync for product 72
2021-01-19 11:46:02 - Sync for product 72
2021-01-19 11:46:39 - Sync for product 72
2021-01-19 11:46:40 - Sync for product 72
2021-01-19 11:52:16 - Sync for product 72
2021-01-19 11:52:17 - Sync for product 72
2021-01-19 12:00:18 - Sync for product 71
2021-01-19 12:00:19 - Sync for product 71
2021-01-19 12:21:27 - Sync for product 61
2021-01-19 12:21:28 - Sync for product 61
2021-01-19 12:25:12 - Sync for product 63
2021-01-19 12:46:38 - Sync for product 64
2021-01-19 12:46:39 - Sync for product 64
2021-01-19 12:52:04 - Sync for product 62
2021-01-19 12:52:05 - Sync for product 62
2021-01-19 13:03:55 - Sync for product 71
2021-01-19 13:03:56 - Sync for product 71
2021-01-19 13:04:34 - Sync for product 61
2021-01-19 13:04:35 - Sync for product 61
2021-01-19 13:05:12 - Sync for product 63
2021-01-19 13:05:13 - Sync for product 63
2021-01-19 13:05:52 - Sync for product 62
2021-01-19 13:05:53 - Sync for product 62
2021-01-19 13:06:06 - Sync for product 64
2021-01-19 13:06:07 - Sync for product 64
2021-01-19 13:06:43 - Sync for product 3
2021-01-19 13:06:44 - Sync for product 3
2021-01-19 13:06:57 - Sync for product 66
2021-01-19 13:06:58 - Sync for product 66
2021-01-19 13:07:33 - Sync for product 70
2021-01-19 13:07:34 - Sync for product 70
2021-01-19 13:13:22 - Sync for product 68
2021-01-19 13:13:46 - Sync for product 65
2021-01-19 13:14:10 - Sync for product 69
2021-01-19 13:14:11 - Sync for product 69
2021-01-19 13:14:45 - Sync for product 67
2021-01-19 13:14:47 - Sync for product 67
2021-01-19 14:08:42 - Sync for product 69
2021-01-19 14:08:43 - Sync for product 69
2021-01-19 14:32:07 - Sync for product 84
2021-01-19 14:32:08 - Sync for product 84
2021-01-19 14:34:48 - Sync for product 84
2021-01-19 14:34:49 - Sync for product 84
2021-01-19 14:39:23 - Sync for product 70
2021-01-19 14:39:24 - Sync for product 70
2021-01-19 14:41:32 - Sync for product 62
2021-01-19 14:41:32 - Sync for product 62
2021-01-19 14:53:17 - Sync for product 3
2021-01-19 14:53:19 - Sync for product 3
2021-01-19 15:10:04 - Sync for product 66
2021-01-19 15:10:05 - Sync for product 66
2021-01-19 15:11:04 - Sync for product 70
2021-01-19 15:11:06 - Sync for product 70
2021-01-19 15:17:53 - Sync for product 73
2021-01-19 15:17:54 - Sync for product 73
2021-01-19 15:18:39 - Sync for product 73
2021-01-19 15:18:40 - Sync for product 73
2021-01-19 16:10:38 - Sync for product 82
2021-01-19 16:15:32 - Sync for product 85
2021-01-19 16:15:33 - Sync for product 85
2021-01-19 16:21:34 - Sync for product 82
2021-01-19 16:21:35 - Sync for product 82
2021-01-19 16:24:22 - Sync for product 85
2021-01-19 16:24:23 - Sync for product 85
2021-01-19 16:30:16 - Sync for product 85
2021-01-19 16:30:17 - Sync for product 85
2021-01-19 16:31:26 - Sync for product 85
2021-01-19 16:31:48 - Sync for product 85
2021-01-19 16:31:49 - Sync for product 85
2021-01-19 16:32:50 - Sync for product 85
2021-01-19 16:39:29 - Sync for product 85
2021-01-19 16:39:30 - Sync for product 85
2021-01-19 16:40:46 - Sync for product 85
2021-01-19 16:40:47 - Sync for product 85
2021-01-19 16:42:34 - Sync for product 85
2021-01-19 16:42:35 - Sync for product 85
2021-01-19 16:48:08 - Sync for product 85
2021-01-19 16:48:09 - Sync for product 85
2021-01-19 16:50:13 - Sync for product 85
2021-01-19 16:50:14 - Sync for product 85
2021-01-19 16:51:34 - Sync for product 85
2021-01-19 17:07:07 - Sync for product 85
2021-01-19 17:07:08 - Sync for product 85
2021-01-19 17:15:21 - Sync for product 82
2021-01-19 17:55:34 - Sync for product 82
2021-01-19 17:55:35 - Sync for product 82
2021-01-19 17:56:43 - Sync for product 82
2021-01-19 17:56:44 - Sync for product 82
2021-01-19 18:15:32 - Sync for product 86
2021-01-19 18:15:33 - Sync for product 86
2021-01-19 18:22:08 - Sync for product 86
2021-01-19 18:22:09 - Sync for product 86
2021-01-19 18:27:03 - Sync for product 86
2021-01-19 18:27:04 - Sync for product 86
2021-01-19 18:27:51 - Sync for product 86
2021-01-19 18:40:42 - Sync for product 86
2021-01-19 18:40:43 - Sync for product 86
2021-01-19 18:43:31 - Sync for product 80
2021-01-19 18:43:32 - Sync for product 80
2021-01-19 18:44:17 - Sync for product 87
2021-01-19 19:54:08 - Sync for product 87
2021-01-19 19:54:10 - Sync for product 87
2021-01-19 20:08:03 - Sync for product 88
2021-01-19 20:08:04 - Sync for product 88
2021-01-19 20:17:51 - Sync for product 88
2021-01-19 20:17:52 - Sync for product 88
2021-01-19 20:40:45 - Sync for product 89
2021-01-19 20:41:26 - Sync for product 89
2021-01-19 20:41:27 - Sync for product 89
2021-01-19 20:47:01 - Sync for product 89
2021-01-19 20:47:02 - Sync for product 89
2021-01-20 1:00:01 - Sync for product 90
2021-01-20 1:00:02 - Sync for product 90
2021-01-20 1:01:03 - Sync for product 90
2021-01-20 1:01:43 - Sync for product 90
2021-01-20 1:02:30 - Sync for product 90
2021-01-20 1:10:11 - Sync for product 90
2021-01-20 1:10:12 - Sync for product 90
2021-01-20 1:10:13 - Sync for product 90
2021-01-20 1:11:01 - Sync for product 90
2021-01-20 1:11:03 - Sync for product 90
2021-01-20 12:20:29 - Sync for product 91
2021-01-20 12:38:42 - Sync for product 91
2021-01-20 12:38:43 - Sync for product 91
2021-01-20 12:38:44 - Sync for product 91
2021-01-20 12:39:29 - Sync for product 91
2021-01-20 12:39:30 - Sync for product 91
2021-01-20 12:42:50 - Sync for product 92
2021-01-20 12:43:19 - Sync for product 91
2021-01-20 12:43:20 - Sync for product 91
2021-01-20 12:47:05 - Sync for product 92
2021-01-20 12:47:06 - Sync for product 92
2021-01-20 12:50:20 - Sync for product 91
2021-01-20 12:50:23 - Sync for product 93
2021-01-20 12:50:24 - Sync for product 93
2021-01-20 12:53:37 - Sync for product 93
2021-01-20 12:54:59 - Sync for product 92
2021-01-20 12:55:05 - Sync for product 93
2021-01-20 12:59:26 - Sync for product 81
2021-01-20 12:59:27 - Sync for product 81
2021-01-20 13:00:32 - Sync for product 81
2021-01-20 14:12:40 - Sync for product 56
2021-01-20 14:12:43 - Sync for product 56
2021-01-20 14:14:17 - Sync for product 35
2021-01-20 14:17:58 - Sync for product 35
2021-01-20 14:17:59 - Sync for product 35
2021-01-20 14:19:59 - Sync for product 35
2021-01-20 14:23:11 - Sync for product 35
2021-01-20 14:23:12 - Sync for product 35
2021-01-20 14:36:20 - Sync for product 35
2021-01-20 14:38:40 - Sync for product 35
2021-01-20 14:40:04 - Sync for product 35
2021-01-20 14:40:47 - Sync for product 35
2021-01-20 14:51:42 - Sync for product 2
2021-01-20 14:52:03 - Sync for product 2
2021-01-20 14:53:33 - Sync for product 2
2021-01-20 14:54:30 - Sync for product 2
2021-01-20 14:54:31 - Sync for product 2
2021-01-20 15:41:56 - Sync for product 2
2021-01-20 15:47:16 - Sync for product 2
2021-01-20 15:48:04 - Sync for product 2
2021-01-20 15:48:05 - Sync for product 2
2021-01-20 15:48:48 - Sync for product 2
2021-01-20 15:49:10 - Sync for product 2
2021-01-20 15:49:36 - Sync for product 2
2021-01-20 16:13:35 - Sync for product 59
2021-01-20 16:29:05 - Sync for product 74
2021-01-20 16:39:19 - Sync for product 74
2021-01-20 16:39:20 - Sync for product 74
2021-01-20 16:56:54 - Sync for product 74
2021-01-20 16:56:55 - Sync for product 74
2021-01-20 17:03:07 - Sync for product 74
2021-01-20 17:03:09 - Sync for product 74
2021-01-20 18:17:37 - Sync for product 72
2021-01-20 18:17:50 - Sync for product 71
2021-01-20 18:24:34 - Sync for product 15
2021-01-20 18:25:19 - Sync for product 63
2021-01-20 18:25:27 - Sync for product 63
2021-01-20 18:25:42 - Sync for product 61
2021-01-20 18:25:53 - Sync for product 64
2021-01-20 18:25:59 - Sync for product 62
2021-01-20 18:26:04 - Sync for product 3
2021-01-20 18:26:10 - Sync for product 66
2021-01-20 18:26:11 - Sync for product 66
2021-01-20 18:26:28 - Sync for product 70
2021-01-20 18:26:35 - Sync for product 73
2021-01-20 18:26:40 - Sync for product 67
2021-01-20 18:26:45 - Sync for product 68
2021-01-20 18:26:51 - Sync for product 84
2021-01-20 18:26:56 - Sync for product 69
2021-01-20 18:27:03 - Sync for product 65
2021-01-20 18:27:13 - Sync for product 34
2021-01-20 18:27:18 - Sync for product 42
2021-01-20 18:27:23 - Sync for product 41
2021-01-20 18:27:28 - Sync for product 29
2021-01-20 18:27:33 - Sync for product 30
2021-01-20 18:27:38 - Sync for product 31
2021-01-20 18:27:44 - Sync for product 33
2021-01-20 18:27:49 - Sync for product 32
2021-01-20 18:27:55 - Sync for product 24
2021-01-20 18:28:00 - Sync for product 16
2021-01-20 18:28:06 - Sync for product 55
2021-01-20 18:28:10 - Sync for product 19
2021-01-20 18:28:15 - Sync for product 23
2021-01-20 18:28:20 - Sync for product 36
2021-01-20 18:28:25 - Sync for product 18
2021-01-20 18:29:24 - Sync for product 18
2021-01-20 18:29:30 - Sync for product 20
2021-01-20 18:29:35 - Sync for product 21
2021-01-20 18:29:40 - Sync for product 22
2021-01-20 18:29:46 - Sync for product 35
2021-01-20 18:29:52 - Sync for product 26
2021-01-20 18:29:56 - Sync for product 25
2021-01-20 18:30:01 - Sync for product 27
2021-01-20 18:30:06 - Sync for product 28
2021-01-20 18:30:11 - Sync for product 88
2021-01-20 18:30:16 - Sync for product 90
2021-01-20 18:30:23 - Sync for product 80
2021-01-20 18:30:28 - Sync for product 91
2021-01-20 18:30:33 - Sync for product 38
2021-01-20 18:30:38 - Sync for product 76
2021-01-20 18:30:43 - Sync for product 92
2021-01-20 18:30:48 - Sync for product 59
2021-01-20 18:30:53 - Sync for product 75
2021-01-20 18:30:57 - Sync for product 2
2021-01-20 18:31:05 - Sync for product 57
2021-01-20 18:31:12 - Sync for product 58
2021-01-20 18:31:17 - Sync for product 74
2021-01-20 18:31:25 - Sync for product 78
2021-01-20 18:31:31 - Sync for product 60
2021-01-20 18:31:36 - Sync for product 79
2021-01-20 18:31:40 - Sync for product 77
2021-01-20 18:31:45 - Sync for product 56
2021-01-20 18:31:49 - Sync for product 82
2021-01-20 18:31:54 - Sync for product 87
2021-01-20 18:32:01 - Sync for product 93
2021-01-20 18:32:10 - Sync for product 86
2021-01-20 18:32:18 - Sync for product 37
2021-01-20 18:32:20 - Sync for product 37
2021-01-20 18:33:13 - Sync for product 89
2021-01-20 18:33:18 - Sync for product 85
2021-01-20 18:33:23 - Sync for product 39
2021-01-20 18:34:26 - Sync for product 14
2021-01-20 18:34:32 - Sync for product 13
2021-01-20 18:34:38 - Sync for product 15
2021-01-20 20:04:58 - Sync for product 58
2021-01-20 20:05:55 - Sync for product 58
2021-01-20 20:05:56 - Sync for product 58
2021-01-20 20:23:16 - Sync for product 58
2021-01-20 21:19:03 - Sync for product 94
2021-01-20 21:19:04 - Sync for product 94
2021-01-20 21:21:57 - Sync for product 94
2021-01-20 21:21:58 - Sync for product 94
2021-01-21 15:27:06 - Sync for product 94
2021-01-21 15:27:07 - Sync for product 94
2021-01-21 15:48:37 - Sync for product 76
2021-01-21 15:53:59 - Sync for product 38
2021-01-21 15:55:57 - Sync for product 38
2021-01-21 15:58:11 - Sync for product 38
2021-01-21 15:58:13 - Sync for product 38
2021-01-21 16:00:28 - Sync for product 38
2021-01-21 16:00:29 - Sync for product 38
2021-01-21 16:09:34 - Sync for product 38
2021-01-21 16:09:35 - Sync for product 38
2021-01-21 19:31:23 - Sync for product 37
2021-01-21 19:31:32 - Sync for product 37
2021-01-21 19:38:17 - Sync for product 37
2021-01-21 19:38:18 - Sync for product 37
2021-01-21 19:39:17 - Sync for product 37
2021-01-21 19:44:13 - Sync for product 77
2021-01-21 19:56:38 - Sync for product 78
2021-01-21 19:57:48 - Sync for product 78
2021-01-21 20:00:18 - Sync for product 60
2021-01-21 20:03:09 - Sync for product 60
2021-01-21 20:03:10 - Sync for product 60
2021-01-22 12:39:40 - Sync for product 80
2021-01-22 12:39:41 - Sync for product 80
2021-01-22 12:45:10 - Sync for product 80
2021-01-22 12:45:11 - Sync for product 80
2021-01-22 12:49:59 - Sync for product 80
2021-01-22 12:50:32 - Sync for product 80
2021-01-22 12:50:33 - Sync for product 80
2021-01-22 12:52:07 - Sync for product 80
2021-01-22 12:52:08 - Sync for product 80
2021-01-22 12:56:47 - Sync for product 80
2021-01-22 12:56:48 - Sync for product 80
2021-01-22 12:59:56 - Sync for product 39
2021-01-22 12:59:57 - Sync for product 39
2021-01-22 13:02:11 - Sync for product 81
2021-01-22 13:02:35 - Sync for product 81
2021-01-22 13:02:37 - Sync for product 81
2021-01-22 13:03:58 - Sync for product 93
2021-01-22 13:03:59 - Sync for product 93
2021-01-22 13:05:24 - Sync for product 93
2021-01-22 13:05:25 - Sync for product 93
2021-01-22 13:12:06 - Sync for product 36
2021-01-22 13:12:07 - Sync for product 36
2021-01-22 14:26:30 - Sync for product 72
2021-01-22 14:26:32 - Sync for product 72
2021-01-22 14:27:59 - Sync for product 72
2021-01-22 14:28:03 - Sync for product 72
2021-01-22 14:30:04 - Sync for product 61
2021-01-22 14:30:05 - Sync for product 61
2021-01-22 16:04:56 - Sync for product 35
2021-01-22 16:06:35 - Sync for product 35
2021-01-22 16:06:37 - Sync for product 35
2021-01-22 16:10:53 - Sync for product 35
2021-01-22 16:11:35 - Sync for product 35
2021-01-22 16:11:36 - Sync for product 35
2021-01-22 16:13:37 - Sync for product 35
2021-01-22 16:13:38 - Sync for product 35
2021-01-22 16:18:13 - Sync for product 35
2021-01-22 16:18:14 - Sync for product 35
2021-01-22 16:20:22 - Sync for product 35
2021-01-22 16:21:06 - Sync for product 35
2021-01-22 16:22:55 - Sync for product 35
2021-01-22 16:22:57 - Sync for product 35
2021-01-22 16:23:57 - Sync for product 35
2021-01-22 16:23:58 - Sync for product 35
2021-01-22 16:28:17 - Sync for product 35
2021-01-22 16:28:18 - Sync for product 35
2021-01-22 16:33:42 - Sync for product 35
2021-01-22 16:33:43 - Sync for product 35
2021-01-22 16:34:27 - Sync for product 35
2021-01-22 16:36:16 - Sync for product 35
2021-01-22 16:38:44 - Sync for product 35
2021-01-22 16:39:40 - Sync for product 35
2021-01-22 16:39:41 - Sync for product 35
2021-01-22 16:40:25 - Sync for product 35
2021-01-22 16:53:39 - Sync for product 58
2021-01-22 16:59:26 - Sync for product 58
2021-01-22 17:06:18 - Sync for product 95
2021-01-22 17:19:21 - Sync for product 95
2021-01-22 17:28:21 - Sync for product 95
2021-01-22 17:32:10 - Sync for product 95
2021-01-22 17:32:11 - Sync for product 95
2021-01-22 17:33:04 - Sync for product 95
2021-01-22 17:33:35 - Sync for product 95
2021-01-22 17:34:58 - Sync for product 95
2021-01-22 19:39:47 - Get Sample product feed
2021-01-22 19:39:47 - Complete - Get Sample product feed
2021-01-22 19:39:50 - Get Sample product feed
2021-01-22 19:39:50 - Complete - Get Sample product feed
2021-01-22 22:59:54 - Sync for product 95
2021-01-22 23:22:38 - Sync for product 95
2021-01-22 23:22:41 - Sync for product 95
2021-01-22 23:27:28 - Sync for product 95
2021-01-22 23:27:30 - Sync for product 95
2021-01-22 23:27:58 - Sync for product 95
2021-01-22 23:29:56 - Sync for product 95
2021-01-23 0:31:19 - Sync for product 72
2021-01-23 0:36:33 - Sync for product 71
2021-01-23 0:36:34 - Sync for product 71
2021-01-23 0:36:51 - Sync for product 72
2021-01-23 0:37:20 - Sync for product 61
2021-01-23 0:47:29 - Sync for product 61
2021-01-23 0:47:30 - Sync for product 61
2021-01-23 0:48:58 - Sync for product 61
2021-01-23 0:53:44 - Sync for product 61
2021-01-23 0:55:13 - Sync for product 95
2021-01-23 1:00:52 - Sync for product 61
2021-01-23 1:10:17 - Sync for product 63
2021-01-23 1:10:18 - Sync for product 63
2021-01-23 1:12:24 - Sync for product 63
2021-01-23 1:22:03 - Sync for product 64
2021-01-23 1:22:04 - Sync for product 64
2021-01-23 1:26:26 - Sync for product 64
2021-01-23 1:33:28 - Sync for product 64
2021-01-23 1:33:29 - Sync for product 64
2021-01-23 1:34:57 - Sync for product 72
2021-01-23 1:34:59 - Sync for product 72
2021-01-23 1:39:59 - Sync for product 71
2021-01-23 1:46:31 - Sync for product 62
2021-01-23 1:46:41 - Sync for product 62
2021-01-23 1:48:11 - Sync for product 62
2021-01-23 1:48:12 - Sync for product 62
2021-01-23 1:54:42 - Sync for product 62
2021-01-23 1:56:02 - Sync for product 62
2021-01-23 1:56:04 - Sync for product 62
2021-01-24 0:47:35 - Sync for product 95
2021-01-24 0:47:36 - Sync for product 95
2021-01-24 17:19:01 - Sync for product 95
2021-01-24 17:19:26 - Sync for product 95
2021-01-24 17:24:38 - Sync for product 95
2021-01-24 17:27:47 - Sync for product 95
2021-01-24 17:27:50 - Sync for product 95
2021-01-24 17:28:18 - Sync for product 95
2021-01-24 17:28:20 - Sync for product 95
2021-01-24 17:36:51 - Sync for product 72
2021-01-24 17:37:37 - Sync for product 72
2021-01-24 17:37:38 - Sync for product 72
2021-01-24 17:39:31 - Sync for product 72
2021-01-24 17:40:40 - Sync for product 72
2021-01-24 17:43:18 - Sync for product 61
2021-01-24 17:44:55 - Sync for product 61
2021-01-24 17:44:56 - Sync for product 61
2021-01-24 17:46:16 - Sync for product 61
2021-01-24 17:48:05 - Sync for product 61
2021-01-24 17:49:34 - Sync for product 63
2021-01-24 17:49:35 - Sync for product 63
2021-01-24 17:52:11 - Sync for product 64
2021-01-24 17:53:13 - Sync for product 64
2021-01-24 17:59:43 - Sync for product 3
2021-01-24 17:59:44 - Sync for product 3
2021-01-24 18:07:48 - Sync for product 3
2021-01-24 18:08:32 - Sync for product 3
2021-01-24 18:12:42 - Sync for product 3
2021-01-24 23:16:56 - Sync for product 71
2021-01-24 23:19:11 - Sync for product 71
2021-01-24 23:25:30 - Sync for product 71
2021-01-24 23:26:05 - Sync for product 71
2021-01-24 23:26:47 - Sync for product 71
2021-01-24 23:28:20 - Sync for product 71
2021-01-24 23:29:34 - Sync for product 95
2021-01-24 23:29:35 - Sync for product 95
2021-01-24 23:30:16 - Sync for product 95
2021-01-24 23:30:43 - Sync for product 61
2021-01-24 23:31:49 - Sync for product 61
2021-01-24 23:32:50 - Sync for product 63
2021-01-24 23:36:21 - Sync for product 63
2021-01-24 23:36:23 - Sync for product 63
2021-01-24 23:37:45 - Sync for product 63
2021-01-24 23:39:19 - Sync for product 64
2021-01-24 23:44:30 - Sync for product 62
2021-01-24 23:45:17 - Sync for product 62
2021-01-24 23:50:27 - Sync for product 3
2021-01-24 23:50:28 - Sync for product 3
2021-01-24 23:58:17 - Sync for product 66
2021-01-25 0:07:51 - Sync for product 66
2021-01-25 0:13:58 - Sync for product 73
2021-01-25 0:13:59 - Sync for product 73
2021-01-25 0:26:42 - Sync for product 67
2021-01-25 0:26:44 - Sync for product 67
2021-01-25 0:43:59 - Sync for product 68
2021-01-25 0:44:00 - Sync for product 68
2021-01-25 11:54:50 - Sync for product 95
2021-01-25 13:00:29 - Sync for product 95
2021-01-25 13:02:37 - Sync for product 95
2021-01-25 13:27:34 - Sync for product 67
2021-01-25 14:14:30 - Sync for product 84
2021-01-25 14:14:31 - Sync for product 84
2021-01-25 14:38:47 - Sync for product 84
2021-01-26 17:53:27 - Sync for product 95
2021-01-26 17:57:31 - Sync for product 72
2021-01-26 17:58:58 - Sync for product 83
2021-01-26 18:00:18 - Sync for product 71
2021-01-26 18:01:21 - Sync for product 61
2021-01-26 18:02:09 - Sync for product 63
2021-01-26 18:02:56 - Sync for product 64
2021-01-26 18:03:15 - Sync for product 62
2021-01-26 18:04:30 - Sync for product 3
2021-01-26 18:06:47 - Sync for product 66
2021-01-26 18:07:23 - Sync for product 66
2021-01-26 18:08:35 - Sync for product 70
2021-01-26 18:09:29 - Sync for product 73
2021-01-26 18:12:26 - Sync for product 67
2021-01-26 18:13:04 - Sync for product 68
2021-01-26 18:13:38 - Sync for product 84
2021-01-26 18:14:02 - Sync for product 69
2021-01-26 18:16:28 - Sync for product 65
2021-01-26 18:17:42 - Sync for product 66
2021-01-26 18:19:05 - Sync for product 40
2021-01-26 18:20:59 - Sync for product 40
2021-01-26 18:21:25 - Sync for product 40
2021-01-26 18:26:02 - Sync for product 34
2021-01-26 18:28:09 - Sync for product 42
2021-01-26 18:28:55 - Sync for product 41
2021-01-26 18:30:17 - Sync for product 29
2021-01-26 18:30:46 - Sync for product 30
2021-01-26 18:31:17 - Sync for product 31
2021-01-26 18:32:02 - Sync for product 33
2021-01-26 18:32:32 - Sync for product 32
2021-01-26 18:37:25 - Sync for product 24
2021-01-26 18:38:01 - Sync for product 16
2021-01-26 18:38:44 - Sync for product 55
2021-01-26 18:39:11 - Sync for product 19
2021-01-26 18:39:43 - Sync for product 23
2021-01-26 18:43:51 - Sync for product 36
2021-01-26 18:44:41 - Sync for product 18
2021-01-26 18:46:59 - Sync for product 18
2021-01-26 18:47:21 - Sync for product 18
2021-01-26 18:48:59 - Sync for product 20
2021-01-26 18:49:35 - Sync for product 21
2021-01-26 18:52:16 - Sync for product 22
2021-01-26 18:54:04 - Sync for product 35
2021-01-26 18:58:52 - Sync for product 26
2021-01-26 18:59:10 - Sync for product 25
2021-01-26 18:59:40 - Sync for product 27
2021-01-26 19:00:21 - Sync for product 28
2021-01-26 19:01:48 - Sync for product 88
2021-01-26 19:02:31 - Sync for product 90
2021-01-26 19:03:38 - Sync for product 91
2021-01-26 19:04:46 - Sync for product 80
2021-01-26 19:05:11 - Sync for product 91
2021-01-26 19:05:32 - Sync for product 38
2021-01-26 19:08:33 - Sync for product 76
2021-01-26 19:09:13 - Sync for product 92
2021-01-26 19:10:08 - Sync for product 59
2021-01-26 19:10:32 - Sync for product 75
2021-01-26 19:11:10 - Sync for product 2
2021-01-26 19:11:29 - Sync for product 58
2021-01-26 19:11:43 - Sync for product 58
2021-01-26 19:12:03 - Sync for product 74
2021-01-26 19:12:26 - Sync for product 94
2021-01-26 19:12:48 - Sync for product 78
2021-01-26 19:13:35 - Sync for product 60
2021-01-26 19:14:37 - Sync for product 79
2021-01-26 19:14:57 - Sync for product 77
2021-01-26 19:15:53 - Sync for product 82
2021-01-26 19:16:11 - Sync for product 87
2021-01-26 19:16:25 - Sync for product 93
2021-01-26 19:16:42 - Sync for product 87
2021-01-26 19:17:28 - Sync for product 93
2021-01-26 19:18:07 - Sync for product 81
2021-01-26 19:18:50 - Sync for product 86
2021-01-26 19:19:29 - Sync for product 37
2021-01-26 19:19:45 - Sync for product 37
2021-01-26 19:20:21 - Sync for product 89
2021-01-26 19:20:48 - Sync for product 85
2021-01-26 19:21:31 - Sync for product 39
2021-01-26 19:27:09 - Sync for product 61
2021-01-26 19:29:57 - Sync for product 65
2021-01-26 19:32:26 - Sync for product 71
2021-01-26 19:33:52 - Sync for product 24
2021-01-26 19:36:00 - Sync for product 15
2021-01-27 19:48:30 - Sync for product 84
2021-01-27 20:05:43 - Sync for product 84
2021-01-27 20:24:30 - Sync for product 69
2021-01-27 20:33:50 - Sync for product 65
2021-01-27 20:54:02 - Sync for product 40
2021-01-27 21:24:27 - Sync for product 34
2021-01-27 21:29:50 - Sync for product 65
2021-01-27 21:39:59 - Sync for product 42
2021-01-27 21:41:15 - Sync for product 42
2021-01-27 21:44:55 - Sync for product 42
2021-01-27 21:47:12 - Sync for product 42
2021-01-27 21:54:07 - Sync for product 41
2021-01-27 22:29:29 - Sync for product 29
2021-01-27 22:37:47 - Sync for product 29
2021-01-27 22:37:48 - Sync for product 29
2021-01-28 9:50:27 - Sync for product 30
2021-01-28 9:58:48 - Sync for product 29
2021-01-28 10:00:58 - Sync for product 29
2021-01-28 12:44:00 - Sync for product 30
2021-01-28 12:53:05 - Sync for product 30
2021-01-28 12:56:26 - Sync for product 30
2021-01-28 13:01:53 - Sync for product 29
2021-01-28 13:08:34 - Sync for product 31
2021-01-28 14:30:23 - Sync for product 31
2021-01-28 14:34:19 - Sync for product 32
2021-01-28 14:42:51 - Sync for product 32
2021-01-28 14:44:30 - Sync for product 33
2021-01-28 14:58:26 - Sync for product 33
2021-01-28 15:01:46 - Sync for product 33
2021-01-28 17:33:57 - Sync for product 24
2021-01-28 18:02:00 - Sync for product 24
2021-01-28 18:08:47 - Sync for product 24
2021-01-28 18:18:22 - Sync for product 16
2021-01-28 18:23:45 - Sync for product 16
2021-01-28 21:43:21 - Sync for product 55
2021-01-28 21:55:26 - Sync for product 19
2021-01-28 22:10:33 - Sync for product 23
2021-01-28 22:14:14 - Sync for product 36
2021-01-28 22:26:37 - Sync for product 18
2021-01-28 22:39:36 - Sync for product 20
2021-01-29 19:01:10 - Sync for product 21
2021-01-29 19:09:01 - Sync for product 22
2021-01-29 19:33:31 - Sync for product 22
2021-01-29 19:46:10 - Sync for product 35
2021-01-29 19:47:39 - Sync for product 35
2021-01-29 19:50:05 - Sync for product 35
2021-01-29 19:54:02 - Sync for product 35
2021-01-29 21:49:40 - Sync for product 21
2021-01-29 22:08:50 - Sync for product 26
2021-01-29 22:12:51 - Sync for product 26
2021-01-29 22:15:14 - Sync for product 26
2021-01-29 22:21:22 - Sync for product 26
2021-01-29 22:39:25 - Sync for product 25
2021-02-02 15:12:42 - Update products for availability change - 70
2021-02-02 15:22:59 - Update products for availability change - 83
2021-02-02 16:34:37 - Sync for product 95
2021-02-02 16:38:43 - Sync for product 59
2021-02-02 16:42:00 - Sync for product 59
2021-02-02 16:43:15 - Sync for product 59
2021-02-02 16:44:31 - Sync for product 59
2021-02-02 18:25:32 - Update products for availability change - 83
2021-02-02 19:52:16 - Sync for product 27
2021-02-02 19:56:43 - Sync for product 28
2021-02-02 19:59:19 - Sync for product 88
2021-02-02 19:59:54 - Sync for product 28
2021-02-02 20:05:34 - Sync for product 90
2021-02-02 20:07:31 - Sync for product 90
2021-02-02 20:10:45 - Sync for product 80
2021-02-02 20:13:07 - Sync for product 91
2021-02-02 20:14:40 - Sync for product 28
2021-02-02 20:18:40 - Sync for product 34
2021-02-02 20:19:35 - Sync for product 42
2021-02-02 20:21:03 - Sync for product 41
2021-02-02 20:23:08 - Sync for product 38
2021-02-02 20:35:12 - Sync for product 76
2021-02-02 20:35:51 - Sync for product 83
2021-02-02 20:36:08 - Sync for product 83
2021-02-02 20:39:34 - Sync for product 92
2021-02-02 20:47:07 - Sync for product 2
2021-02-02 20:59:14 - Sync for product 58
2021-02-02 21:00:18 - Sync for product 74
2021-02-02 21:04:20 - Sync for product 94
2021-02-02 21:12:58 - Sync for product 79
2021-02-02 21:18:40 - Sync for product 60
2021-02-02 21:19:56 - Sync for product 35
2021-02-02 21:22:29 - Sync for product 78
2021-02-02 21:23:22 - Sync for product 77
2021-02-02 21:26:32 - Sync for product 82
2021-02-02 21:27:40 - Sync for product 88
2021-02-02 21:31:00 - Sync for product 87
2021-02-02 21:36:19 - Sync for product 93
2021-02-02 21:36:56 - Sync for product 81
2021-02-02 21:37:53 - Sync for product 86
2021-02-02 21:46:51 - Sync for product 37
2021-02-02 21:50:41 - Sync for product 85
2021-02-02 21:52:38 - Sync for product 15
2021-02-02 21:53:32 - Sync for product 15
2021-02-03 15:34:29 - Sync for product 14
2021-02-03 15:42:02 - Sync for product 35
2021-02-03 15:43:13 - Sync for product 35
2021-02-03 16:01:09 - Sync for product 60
2021-02-03 16:07:05 - Sync for product 2
2021-02-03 16:14:31 - Sync for product 94
2021-02-03 16:20:17 - Sync for product 78
2021-02-03 16:42:31 - Sync for product 38
2021-02-03 16:46:38 - Sync for product 74
2021-02-03 17:06:37 - Sync for product 59
2021-02-03 17:11:01 - Sync for product 58
2021-02-03 17:16:38 - Sync for product 79
2021-02-03 17:17:05 - Sync for product 79
2021-02-03 17:20:43 - Sync for product 58
2021-02-03 17:23:42 - Sync for product 78
2021-02-03 17:29:02 - Sync for product 94
2021-02-03 17:29:05 - Sync for product 94
2021-02-03 17:33:40 - Sync for product 87
2021-02-03 17:38:14 - Sync for product 89
2021-02-03 17:42:41 - Sync for product 81
2021-02-03 17:42:41 - Sync for product 81
2021-02-03 17:42:46 - Sync for product 81
2021-02-03 17:51:14 - Sync for product 82
2021-02-03 17:51:57 - Sync for product 82
2021-02-03 17:54:21 - Sync for product 86
2021-02-03 17:55:46 - Sync for product 91
2021-02-03 17:58:28 - Sync for product 76
2021-02-03 17:58:31 - Sync for product 76
2021-02-03 18:22:53 - Sync for product 72
2021-02-03 18:23:02 - Sync for product 72
2021-02-03 18:23:23 - Sync for product 72
2021-02-03 18:27:20 - Sync for product 67
2021-02-03 18:29:42 - Sync for product 68
2021-02-03 18:29:50 - Sync for product 68
2021-02-03 18:30:34 - Sync for product 68
2021-02-03 18:32:08 - Sync for product 84
2021-02-03 18:32:52 - Sync for product 68
2021-02-03 18:33:55 - Sync for product 69
2021-02-03 18:34:23 - Sync for product 69
2021-02-03 18:35:16 - Sync for product 67
2021-02-03 18:36:00 - Sync for product 68
2021-02-03 18:36:21 - Sync for product 84
2021-02-03 18:36:47 - Sync for product 84
2021-02-03 18:37:09 - Sync for product 69
2021-02-03 19:03:28 - Sync for product 70
2021-02-03 21:28:41 - Sync for product 66
2021-02-03 21:31:07 - Sync for product 3
2021-02-03 21:34:34 - Sync for product 65
2021-02-03 21:36:46 - Sync for product 65
2021-02-03 21:37:39 - Sync for product 63
2021-02-03 21:40:00 - Sync for product 61
2021-02-03 21:41:47 - Sync for product 64
2021-02-03 21:42:46 - Sync for product 62
2021-02-07 15:50:12 - Sync for product 96
2021-02-07 15:54:56 - Sync for product 96
2021-02-07 16:16:04 - Sync for product 96
2021-02-07 16:37:15 - Sync for product 96
2021-02-07 16:38:30 - Sync for product 96
2021-02-07 16:40:15 - Sync for product 96
2021-02-07 16:41:43 - Sync for product 96
2021-02-07 16:47:53 - Sync for product 14
2021-02-07 16:49:07 - Sync for product 14
2021-02-07 16:52:37 - Sync for product 14
2021-02-07 16:52:44 - Sync for product 14
2021-02-07 16:52:58 - Sync for product 14
2021-02-07 16:53:02 - Sync for product 14
2021-02-07 16:58:00 - Sync for product 14
2021-02-07 16:58:03 - Sync for product 14
2021-02-07 16:58:12 - Sync for product 14
2021-02-07 17:06:54 - Sync for product 14
2021-02-07 17:34:36 - Sync for product 14
2021-02-07 17:35:15 - Sync for product 14
2021-02-08 18:33:05 - Sync for product 70
2021-02-08 18:38:19 - Sync for product 70
2021-02-08 18:41:48 - Sync for product 71
2021-02-08 21:11:00 - Sync for product 38
2021-02-08 21:13:20 - Sync for product 38
2021-02-08 21:15:41 - Sync for product 38
2021-02-08 21:20:57 - Sync for product 61
2021-02-08 21:22:42 - Sync for product 61
2021-02-08 21:25:02 - Sync for product 61
2021-02-08 21:31:05 - Sync for product 61
2021-02-08 21:50:50 - Sync for product 61
2021-02-14 0:04:50 - Update products for availability change - 63
